This file contains any messages produced by compilers while
running configure, to aid debugging if configure makes a mistake.

It was created by js9 configure 1.8, which was
generated by GNU Autoconf 2.59.  Invocation command line was

  $ ./configure --with-webdir=js9

## --------- ##
## Platform. ##
## --------- ##

hostname = basil.local
uname -m = x86_64
uname -r = 15.5.0
uname -s = Darwin
uname -v = Darwin Kernel Version 15.5.0: Tue Apr 19 18:36:36 PDT 2016; root:xnu-3248.50.21~8/RELEASE_X86_64

/usr/bin/uname -p = i386
/bin/uname -X     = unknown

/bin/arch              = unknown
/usr/bin/arch -k       = unknown
/usr/convex/getsysinfo = unknown
hostinfo               = Mach kernel version:
	 Darwin Kernel Version 15.5.0: Tue Apr 19 18:36:36 PDT 2016; root:xnu-3248.50.21~8/RELEASE_X86_64
Kernel configured for up to 4 processors.
2 processors are physically available.
4 processors are logically available.
Processor type: x86_64h (Intel x86-64h Haswell)
Processors active: 0 1 2 3
Primary memory available: 8.00 gigabytes
Default processor set: 324 tasks, 1893 threads, 4 processors
Load average: 1.56, Mach factor: 2.43
/bin/machine           = unknown
/usr/bin/oslevel       = unknown
/bin/universe          = unknown

PATH: /Library/TeX/texbin
PATH: /Users/jzuhone/Downloads/imgmgk/ImageMagick-6.9.1/bin
PATH: /usr/local/git/bin
PATH: /Applications/Julia-0.4.0.app/Contents/Resources/julia/bin
PATH: /Users/jzuhone/miniconda3/bin
PATH: /Users/jzuhone/anaconda/bin
PATH: /usr/local/bin
PATH: /usr/local/gsl-1.13/bin
PATH: /usr/local/bbftp/bin
PATH: /usr/local/openmpi-1.6.3/bin
PATH: /usr/local/marx-5.0.0/bin
PATH: /usr/local/bin
PATH: /usr/bin
PATH: /bin
PATH: /usr/sbin
PATH: /sbin
PATH: /usr/texbin
PATH: /usr/X11/bin


## ----------- ##
## Core tests. ##
## ----------- ##

configure:1320: checking for web install directory
configure:1332: result: yes (js9)
configure:1341: checking for server-side helper type
configure:1359: result: no
configure:5192: checking for sao top-level install directory
configure:5208: result: no
configure:5346: creating ./config.status

## ---------------------- ##
## Running config.status. ##
## ---------------------- ##

This file was extended by js9 config.status 1.8, which was
generated by GNU Autoconf 2.59.  Invocation command line was

  CONFIG_FILES    = 
  CONFIG_HEADERS  = 
  CONFIG_LINKS    = 
  CONFIG_COMMANDS = 
  $ ./config.status 

on basil.local

config.status:660: creating Makefile
config.status:660: creating js9helper.pc

## ---------------- ##
## Cache variables. ##
## ---------------- ##

ac_cv_env_CC_set=
ac_cv_env_CC_value=
ac_cv_env_CFLAGS_set=
ac_cv_env_CFLAGS_value=
ac_cv_env_CPPFLAGS_set=
ac_cv_env_CPPFLAGS_value=
ac_cv_env_CPP_set=
ac_cv_env_CPP_value=
ac_cv_env_LDFLAGS_set=
ac_cv_env_LDFLAGS_value=
ac_cv_env_build_alias_set=
ac_cv_env_build_alias_value=
ac_cv_env_host_alias_set=
ac_cv_env_host_alias_value=
ac_cv_env_target_alias_set=
ac_cv_env_target_alias_value=

## ----------------- ##
## Output variables. ##
## ----------------- ##

CC=''
CFITSIOINC=''
CFITSIOLIB=''
CFITSIOOBJS=''
CFLAGS=''
CGIDIR=''
CGIURL=''
CGIXPATH=''
CPP=''
CPPFLAGS=''
DEFS='-DPACKAGE_NAME=\"js9\" -DPACKAGE_TARNAME=\"js9\" -DPACKAGE_VERSION=\"1.8\" -DPACKAGE_STRING=\"js9\ 1.8\" -DPACKAGE_BUGREPORT=\"saord@cfa.harvard.edu\" '
ECHO_C='ECHO_N=''
ECHO_T=''
EGREP=''
EXEEXT=''
EXTRA_LIBS=''
FITSLIB=''
FUNINC=''
FUNLIB=''
HELPER='none'
LDFLAGS=''
LIBOBJS=''
LIBS=''
LTLIBOBJS=''
OBJEXT=''
PACKAGE_BUGREPORT='saord@cfa.harvard.edu'
PACKAGE_NAME='js9'
PACKAGE_STRING='js9 1.8'
PACKAGE_TARNAME='js9'
PACKAGE_VERSION='1.8'
PATH_SEPARATOR=':'
PNGINC=''
PNGLIB=''
RANLIB=''
SAODIR=''
SHELL='/bin/sh'
USEHELPER='no'
WEBDIR='js9'
ac_ct_CC=''
ac_ct_RANLIB=''
bindir='${exec_prefix}/bin'
build=''
build_alias=''
build_cpu=''
build_os=''
build_vendor=''
datadir='${prefix}/share'
exec_prefix='${prefix}'
host=''
host_alias=''
host_cpu=''
host_os=''
host_vendor=''
includedir='${prefix}/include'
infodir='${prefix}/info'
libdir='${exec_prefix}/lib'
libexecdir='${exec_prefix}/libexec'
localstatedir='${prefix}/var'
mandir='${prefix}/man'
oldincludedir='/usr/include'
prefix='/usr/local'
program_transform_name='s,x,x,'
sbindir='${exec_prefix}/sbin'
sharedstatedir='${prefix}/com'
sysconfdir='${prefix}/etc'
target_alias=''

## ----------- ##
## confdefs.h. ##
## ----------- ##

#define PACKAGE_BUGREPORT "saord@cfa.harvard.edu"
#define PACKAGE_NAME "js9"
#define PACKAGE_STRING "js9 1.8"
#define PACKAGE_TARNAME "js9"
#define PACKAGE_VERSION "1.8"

configure: exit 0
